<?xml version="1.0" encoding="UTF-8"?>
<testng-results ignored="0" total="1" passed="1" failed="0" skipped="0">
  <reporter-output>
    <line>
      <![CDATA[NewUser data found in response body]]>
    </line>
    <line>
      <![CDATA[NewUser data created by in db]]>
    </line>
    <line>
      <![CDATA[Verification successful]]>
    </line>
  </reporter-output>
  <suite started-at="2022-02-12T19:07:55 IST" name="Default suite" finished-at="2022-02-12T19:08:00 IST" duration-ms="4503">
    <groups>
    </groups>
    <test started-at="2022-02-12T19:07:55 IST" name="Default test" finished-at="2022-02-12T19:08:00 IST" duration-ms="4503">
      <class name="com.RMGYantraTest.ModifyResourceAndVerifyInDbTest">
        <test-method is-config="true" signature="bsConfig()[pri:0, instance:com.RMGYantraTest.ModifyResourceAndVerifyInDbTest@72a7c7e0]" started-at="2022-02-12T19:07:54 IST" name="bsConfig" finished-at="2022-02-12T19:07:55 IST" duration-ms="1410" status="PASS">
          <reporter-output>
          </reporter-output>
        </test-method> <!-- bsConfig -->
        <test-method signature="modifyResourceAndVerifyInDbTest()[pri:0, instance:com.RMGYantraTest.ModifyResourceAndVerifyInDbTest@72a7c7e0]" started-at="2022-02-12T19:07:55 IST" name="modifyResourceAndVerifyInDbTest" finished-at="2022-02-12T19:07:59 IST" duration-ms="4445" status="PASS">
          <reporter-output>
            <line>
              <![CDATA[NewUser data found in response body]]>
            </line>
            <line>
              <![CDATA[NewUser data created by in db]]>
            </line>
            <line>
              <![CDATA[Verification successful]]>
            </line>
          </reporter-output>
        </test-method> <!-- modifyResourceAndVerifyInDbTest -->
        <test-method is-config="true" signature="asConfing()[pri:0, instance:com.RMGYantraTest.ModifyResourceAndVerifyInDbTest@72a7c7e0]" started-at="2022-02-12T19:08:00 IST" name="asConfing" finished-at="2022-02-12T19:08:00 IST" duration-ms="11" status="PASS">
          <reporter-output>
          </reporter-output>
        </test-method> <!-- asConfing -->
      </class> <!-- com.RMGYantraTest.ModifyResourceAndVerifyInDbTest -->
    </test> <!-- Default test -->
  </suite> <!-- Default suite -->
</testng-results>
